<?xml version="1.0" encoding="UTF-8"?>
<testsuite name="Tests" tests="1" skipped="0" failures="0" errors="0" timestamp="2023-07-11T13:43:23" hostname="DESKTOP-TU12RMC" time="0.014">
  <properties/>
  <testcase name="toList()" classname="Tests" time="0.014"/>
  <system-out><![CDATA[[0.0, 1.1, 2.2, 3.3]
]]></system-out>
  <system-err><![CDATA[]]></system-err>
</testsuite>
